Mono path[0] = 'F:/Program Files/Steam/steamapps/common/Sunblaze/Sunblaze_Data/Managed'
Mono config path = 'F:/Program Files/Steam/steamapps/common/Sunblaze/MonoBleedingEdge/etc'
Initialize engine version: 2019.4.40f1 (ffc62b691db5)
[Subsystems] Discovering subsystems at path F:/Program Files/Steam/steamapps/common/Sunblaze/Sunblaze_Data/UnitySubsystems
GfxDevice: creating device client; threaded=1
Direct3D:
    Version:  Direct3D 11.0 [level 11.1]
    Renderer: NVIDIA GeForce RTX 3070 (ID=0x2488)
    Vendor:   
    VRAM:     8031 MB
    Driver:   31.0.15.3699
Begin MonoManager ReloadAssembly
- Completed reload, in  3.424 seconds
<RI> Initializing input.
New input system (experimental) initialized
<RI> Input initialized.
<RI> Initialized touch support.
UnloadTime: 7.029200 ms
Unloading 6 Unused Serialized files (Serialized files now loaded: 0)
UnloadTime: 3.147100 ms

Unloading 1231 unused Assets to reduce memory usage. Loaded Objects now: 11285.
Total: 113.072900 ms (FindLiveObjects: 0.606500 ms CreateObjectMapping: 0.312300 ms MarkObjects: 111.662400 ms  DeleteObjects: 0.491100 ms)

Unloading 6 Unused Serialized files (Serialized files now loaded: 0)
UnloadTime: 6.720600 ms
Shader warmup: 50 shaders 200 combinations 0.013s

Unloading 64 unused Assets to reduce memory usage. Loaded Objects now: 60986.
Total: 177.738100 ms (FindLiveObjects: 3.546500 ms CreateObjectMapping: 0.747900 ms MarkObjects: 173.264900 ms  DeleteObjects: 0.178400 ms)

Unloading 5 Unused Serialized files (Serialized files now loaded: 0)
UnloadTime: 49.552800 ms

Unloading 338 unused Assets to reduce memory usage. Loaded Objects now: 14083.
Total: 171.788700 ms (FindLiveObjects: 0.675500 ms CreateObjectMapping: 0.314800 ms MarkObjects: 170.177800 ms  DeleteObjects: 0.619800 ms)

Setting up 8 worker threads for Enlighten.
  Thread -> id: 41f8 -> priority: 1 
  Thread -> id: 4010 -> priority: 1 
  Thread -> id: f2c -> priority: 1 
  Thread -> id: 3578 -> priority: 1 
  Thread -> id: 3c50 -> priority: 1 
  Thread -> id: 4b68 -> priority: 1 
  Thread -> id: 438c -> priority: 1 
  Thread -> id: 20a0 -> priority: 1 
